<?xml version="1.0" encoding="UTF-8"?>
<!-- Generated by org.testng.reporters.JUnitXMLReporter -->
<testsuite hostname="TAMP" name="Test" tests="6" failures="5" timestamp="20 Nov 2016 21:17:28 GMT" time="8.031" errors="0">
  <testcase name="testRegisterNewUser" time="1.701" classname="packagecom.gurukula.ActualTests.RegistrationTest">
    <failure type="org.openqa.selenium.WebDriverException" message="unknown error: Element is not clickable at point (308, 539). Other element would receive the click: &amp;lt;form ng-show=&amp;quot;!success&amp;quot; name=&amp;quot;form&amp;quot; role=&amp;quot;form&amp;quot; novalidate=&amp;quot;&amp;quot; ng-submit=&amp;quot;register()&amp;quot; show-validation=&amp;quot;&amp;quot; class=&amp;quot;ng-invalid ng-valid-maxlength ng-dirty ng-valid-parse ng-invalid-pattern ng-valid-email ng-valid-required ng-valid-minlength&amp;quot;&amp;gt;...&amp;lt;/form&amp;gt;
  (Session info: chrome=54.0.2840.99)
  (Driver info: chromedriver=2.25.426923 (0390b88869384d6eb0d5d09729679f934aab9eed),platform=Windows NT 6.1.7601 SP1 x86) (WARNING: The server did not provide any stacktrace information)
Command duration or timeout: 181 milliseconds
Build info: version: &amp;apos;unknown&amp;apos;, revision: &amp;apos;1969d75&amp;apos;, time: &amp;apos;2016-10-18 09:43:45 -0700&amp;apos;
System info: host: &amp;apos;TAMP&amp;apos;, ip: &amp;apos;192.168.0.11&amp;apos;, os.name: &amp;apos;Windows 7&amp;apos;, os.arch: &amp;apos;x86&amp;apos;, os.version: &amp;apos;6.1&amp;apos;, java.version: &amp;apos;1.8.0_31&amp;apos;
Driver info: org.openqa.selenium.chrome.ChromeDriver
Capabilities [{applicationCacheEnabled=false, rotatable=false, mobileEmulationEnabled=false, networkConnectionEnabled=false, chrome={chromedriverVersion=2.25.426923 (0390b88869384d6eb0d5d09729679f934aab9eed), userDataDir=C:\Users\user\AppData\Local\Temp\scoped_dir4892_25989}, takesHeapSnapshot=true, pageLoadStrategy=normal, databaseEnabled=false, handlesAlerts=true, hasTouchScreen=false, version=54.0.2840.99, platform=XP, browserConnectionEnabled=false, nativeEvents=true, acceptSslCerts=true, locationContextEnabled=true, webStorageEnabled=true, browserName=chrome, takesScreenshot=true, javascriptEnabled=true, cssSelectorsEnabled=true}]
Session ID: cc6458f48285c6283eca9d188a31c990">
      <![CDATA[org.openqa.selenium.WebDriverException: unknown error: Element is not clickable at point (308, 539). Other element would receive the click: <form ng-show="!success" name="form" role="form" novalidate="" ng-submit="register()" show-validation="" class="ng-invalid ng-valid-maxlength ng-dirty ng-valid-parse ng-invalid-pattern ng-valid-email ng-valid-required ng-valid-minlength">...</form>
  (Session info: chrome=54.0.2840.99)
  (Driver info: chromedriver=2.25.426923 (0390b88869384d6eb0d5d09729679f934aab9eed),platform=Windows NT 6.1.7601 SP1 x86) (WARNING: The server did not provide any stacktrace information)
Command duration or timeout: 181 milliseconds
Build info: version: 'unknown', revision: '1969d75', time: '2016-10-18 09:43:45 -0700'
System info: host: 'TAMP', ip: '192.168.0.11', os.name: 'Windows 7', os.arch: 'x86', os.version: '6.1', java.version: '1.8.0_31'
Driver info: org.openqa.selenium.chrome.ChromeDriver
Capabilities [{applicationCacheEnabled=false, rotatable=false, mobileEmulationEnabled=false, networkConnectionEnabled=false, chrome={chromedriverVersion=2.25.426923 (0390b88869384d6eb0d5d09729679f934aab9eed), userDataDir=C:\Users\user\AppData\Local\Temp\scoped_dir4892_25989}, takesHeapSnapshot=true, pageLoadStrategy=normal, databaseEnabled=false, handlesAlerts=true, hasTouchScreen=false, version=54.0.2840.99, platform=XP, browserConnectionEnabled=false, nativeEvents=true, acceptSslCerts=true, locationContextEnabled=true, webStorageEnabled=true, browserName=chrome, takesScreenshot=true, javascriptEnabled=true, cssSelectorsEnabled=true}]
Session ID: cc6458f48285c6283eca9d188a31c990
	at org.openqa.selenium.remote.ErrorHandler.createThrowable(ErrorHandler.java:216)
	at org.openqa.selenium.remote.ErrorHandler.throwIfResponseFailed(ErrorHandler.java:168)
	at org.openqa.selenium.remote.RemoteWebDriver.execute(RemoteWebDriver.java:635)
	at org.openqa.selenium.remote.RemoteWebElement.execute(RemoteWebElement.java:274)
	at org.openqa.selenium.remote.RemoteWebElement.click(RemoteWebElement.java:84)
	at org.openqa.selenium.support.pagefactory.internal.LocatingElementHandler.invoke(LocatingElementHandler.java:51)
	at com.sun.proxy.$Proxy10.click(Unknown Source)
	at packagecom.gurukula.AllPages.RegistrationPage.clickRegister(RegistrationPage.java:52)
	at packagecom.gurukula.AllPages.RegistrationPage.register(RegistrationPage.java:60)
	at packagecom.gurukula.ActualTests.RegistrationTest.testRegisterNewUser(RegistrationTest.java:35)
... Removed 33 stack frames]]>
    </failure>
  </testcase> <!-- testRegisterNewUser -->
  <testcase name="testRegisterNewUser" time="1.231" classname="packagecom.gurukula.ActualTests.RegistrationTest">
    <failure type="org.openqa.selenium.WebDriverException" message="unknown error: Element is not clickable at point (308, 539). Other element would receive the click: &amp;lt;form ng-show=&amp;quot;!success&amp;quot; name=&amp;quot;form&amp;quot; role=&amp;quot;form&amp;quot; novalidate=&amp;quot;&amp;quot; ng-submit=&amp;quot;register()&amp;quot; show-validation=&amp;quot;&amp;quot; class=&amp;quot;ng-invalid ng-valid-maxlength ng-dirty ng-valid-parse ng-invalid-pattern ng-valid-email ng-valid-required ng-valid-minlength&amp;quot;&amp;gt;...&amp;lt;/form&amp;gt;
  (Session info: chrome=54.0.2840.99)
  (Driver info: chromedriver=2.25.426923 (0390b88869384d6eb0d5d09729679f934aab9eed),platform=Windows NT 6.1.7601 SP1 x86) (WARNING: The server did not provide any stacktrace information)
Command duration or timeout: 93 milliseconds
Build info: version: &amp;apos;unknown&amp;apos;, revision: &amp;apos;1969d75&amp;apos;, time: &amp;apos;2016-10-18 09:43:45 -0700&amp;apos;
System info: host: &amp;apos;TAMP&amp;apos;, ip: &amp;apos;192.168.0.11&amp;apos;, os.name: &amp;apos;Windows 7&amp;apos;, os.arch: &amp;apos;x86&amp;apos;, os.version: &amp;apos;6.1&amp;apos;, java.version: &amp;apos;1.8.0_31&amp;apos;
Driver info: org.openqa.selenium.chrome.ChromeDriver
Capabilities [{applicationCacheEnabled=false, rotatable=false, mobileEmulationEnabled=false, networkConnectionEnabled=false, chrome={chromedriverVersion=2.25.426923 (0390b88869384d6eb0d5d09729679f934aab9eed), userDataDir=C:\Users\user\AppData\Local\Temp\scoped_dir4892_25989}, takesHeapSnapshot=true, pageLoadStrategy=normal, databaseEnabled=false, handlesAlerts=true, hasTouchScreen=false, version=54.0.2840.99, platform=XP, browserConnectionEnabled=false, nativeEvents=true, acceptSslCerts=true, locationContextEnabled=true, webStorageEnabled=true, browserName=chrome, takesScreenshot=true, javascriptEnabled=true, cssSelectorsEnabled=true}]
Session ID: cc6458f48285c6283eca9d188a31c990">
      <![CDATA[org.openqa.selenium.WebDriverException: unknown error: Element is not clickable at point (308, 539). Other element would receive the click: <form ng-show="!success" name="form" role="form" novalidate="" ng-submit="register()" show-validation="" class="ng-invalid ng-valid-maxlength ng-dirty ng-valid-parse ng-invalid-pattern ng-valid-email ng-valid-required ng-valid-minlength">...</form>
  (Session info: chrome=54.0.2840.99)
  (Driver info: chromedriver=2.25.426923 (0390b88869384d6eb0d5d09729679f934aab9eed),platform=Windows NT 6.1.7601 SP1 x86) (WARNING: The server did not provide any stacktrace information)
Command duration or timeout: 93 milliseconds
Build info: version: 'unknown', revision: '1969d75', time: '2016-10-18 09:43:45 -0700'
System info: host: 'TAMP', ip: '192.168.0.11', os.name: 'Windows 7', os.arch: 'x86', os.version: '6.1', java.version: '1.8.0_31'
Driver info: org.openqa.selenium.chrome.ChromeDriver
Capabilities [{applicationCacheEnabled=false, rotatable=false, mobileEmulationEnabled=false, networkConnectionEnabled=false, chrome={chromedriverVersion=2.25.426923 (0390b88869384d6eb0d5d09729679f934aab9eed), userDataDir=C:\Users\user\AppData\Local\Temp\scoped_dir4892_25989}, takesHeapSnapshot=true, pageLoadStrategy=normal, databaseEnabled=false, handlesAlerts=true, hasTouchScreen=false, version=54.0.2840.99, platform=XP, browserConnectionEnabled=false, nativeEvents=true, acceptSslCerts=true, locationContextEnabled=true, webStorageEnabled=true, browserName=chrome, takesScreenshot=true, javascriptEnabled=true, cssSelectorsEnabled=true}]
Session ID: cc6458f48285c6283eca9d188a31c990
	at org.openqa.selenium.remote.ErrorHandler.createThrowable(ErrorHandler.java:216)
	at org.openqa.selenium.remote.ErrorHandler.throwIfResponseFailed(ErrorHandler.java:168)
	at org.openqa.selenium.remote.RemoteWebDriver.execute(RemoteWebDriver.java:635)
	at org.openqa.selenium.remote.RemoteWebElement.execute(RemoteWebElement.java:274)
	at org.openqa.selenium.remote.RemoteWebElement.click(RemoteWebElement.java:84)
	at org.openqa.selenium.support.pagefactory.internal.LocatingElementHandler.invoke(LocatingElementHandler.java:51)
	at com.sun.proxy.$Proxy10.click(Unknown Source)
	at packagecom.gurukula.AllPages.RegistrationPage.clickRegister(RegistrationPage.java:52)
	at packagecom.gurukula.AllPages.RegistrationPage.register(RegistrationPage.java:60)
	at packagecom.gurukula.ActualTests.RegistrationTest.testRegisterNewUser(RegistrationTest.java:35)
... Removed 33 stack frames]]>
    </failure>
  </testcase> <!-- testRegisterNewUser -->
  <testcase name="testRegisterNewUser" time="1.145" classname="packagecom.gurukula.ActualTests.RegistrationTest">
    <failure type="org.openqa.selenium.WebDriverException" message="unknown error: Element is not clickable at point (308, 539). Other element would receive the click: &amp;lt;form ng-show=&amp;quot;!success&amp;quot; name=&amp;quot;form&amp;quot; role=&amp;quot;form&amp;quot; novalidate=&amp;quot;&amp;quot; ng-submit=&amp;quot;register()&amp;quot; show-validation=&amp;quot;&amp;quot; class=&amp;quot;ng-invalid ng-valid-pattern ng-valid-maxlength ng-dirty ng-valid-parse ng-invalid-email ng-valid-required ng-valid-minlength&amp;quot;&amp;gt;...&amp;lt;/form&amp;gt;
  (Session info: chrome=54.0.2840.99)
  (Driver info: chromedriver=2.25.426923 (0390b88869384d6eb0d5d09729679f934aab9eed),platform=Windows NT 6.1.7601 SP1 x86) (WARNING: The server did not provide any stacktrace information)
Command duration or timeout: 79 milliseconds
Build info: version: &amp;apos;unknown&amp;apos;, revision: &amp;apos;1969d75&amp;apos;, time: &amp;apos;2016-10-18 09:43:45 -0700&amp;apos;
System info: host: &amp;apos;TAMP&amp;apos;, ip: &amp;apos;192.168.0.11&amp;apos;, os.name: &amp;apos;Windows 7&amp;apos;, os.arch: &amp;apos;x86&amp;apos;, os.version: &amp;apos;6.1&amp;apos;, java.version: &amp;apos;1.8.0_31&amp;apos;
Driver info: org.openqa.selenium.chrome.ChromeDriver
Capabilities [{applicationCacheEnabled=false, rotatable=false, mobileEmulationEnabled=false, networkConnectionEnabled=false, chrome={chromedriverVersion=2.25.426923 (0390b88869384d6eb0d5d09729679f934aab9eed), userDataDir=C:\Users\user\AppData\Local\Temp\scoped_dir4892_25989}, takesHeapSnapshot=true, pageLoadStrategy=normal, databaseEnabled=false, handlesAlerts=true, hasTouchScreen=false, version=54.0.2840.99, platform=XP, browserConnectionEnabled=false, nativeEvents=true, acceptSslCerts=true, locationContextEnabled=true, webStorageEnabled=true, browserName=chrome, takesScreenshot=true, javascriptEnabled=true, cssSelectorsEnabled=true}]
Session ID: cc6458f48285c6283eca9d188a31c990">
      <![CDATA[org.openqa.selenium.WebDriverException: unknown error: Element is not clickable at point (308, 539). Other element would receive the click: <form ng-show="!success" name="form" role="form" novalidate="" ng-submit="register()" show-validation="" class="ng-invalid ng-valid-pattern ng-valid-maxlength ng-dirty ng-valid-parse ng-invalid-email ng-valid-required ng-valid-minlength">...</form>
  (Session info: chrome=54.0.2840.99)
  (Driver info: chromedriver=2.25.426923 (0390b88869384d6eb0d5d09729679f934aab9eed),platform=Windows NT 6.1.7601 SP1 x86) (WARNING: The server did not provide any stacktrace information)
Command duration or timeout: 79 milliseconds
Build info: version: 'unknown', revision: '1969d75', time: '2016-10-18 09:43:45 -0700'
System info: host: 'TAMP', ip: '192.168.0.11', os.name: 'Windows 7', os.arch: 'x86', os.version: '6.1', java.version: '1.8.0_31'
Driver info: org.openqa.selenium.chrome.ChromeDriver
Capabilities [{applicationCacheEnabled=false, rotatable=false, mobileEmulationEnabled=false, networkConnectionEnabled=false, chrome={chromedriverVersion=2.25.426923 (0390b88869384d6eb0d5d09729679f934aab9eed), userDataDir=C:\Users\user\AppData\Local\Temp\scoped_dir4892_25989}, takesHeapSnapshot=true, pageLoadStrategy=normal, databaseEnabled=false, handlesAlerts=true, hasTouchScreen=false, version=54.0.2840.99, platform=XP, browserConnectionEnabled=false, nativeEvents=true, acceptSslCerts=true, locationContextEnabled=true, webStorageEnabled=true, browserName=chrome, takesScreenshot=true, javascriptEnabled=true, cssSelectorsEnabled=true}]
Session ID: cc6458f48285c6283eca9d188a31c990
	at org.openqa.selenium.remote.ErrorHandler.createThrowable(ErrorHandler.java:216)
	at org.openqa.selenium.remote.ErrorHandler.throwIfResponseFailed(ErrorHandler.java:168)
	at org.openqa.selenium.remote.RemoteWebDriver.execute(RemoteWebDriver.java:635)
	at org.openqa.selenium.remote.RemoteWebElement.execute(RemoteWebElement.java:274)
	at org.openqa.selenium.remote.RemoteWebElement.click(RemoteWebElement.java:84)
	at org.openqa.selenium.support.pagefactory.internal.LocatingElementHandler.invoke(LocatingElementHandler.java:51)
	at com.sun.proxy.$Proxy10.click(Unknown Source)
	at packagecom.gurukula.AllPages.RegistrationPage.clickRegister(RegistrationPage.java:52)
	at packagecom.gurukula.AllPages.RegistrationPage.register(RegistrationPage.java:60)
	at packagecom.gurukula.ActualTests.RegistrationTest.testRegisterNewUser(RegistrationTest.java:35)
... Removed 33 stack frames]]>
    </failure>
  </testcase> <!-- testRegisterNewUser -->
  <testcase name="testRegisterNewUser" time="1.019" classname="packagecom.gurukula.ActualTests.RegistrationTest">
    <failure type="org.openqa.selenium.WebDriverException" message="unknown error: Element is not clickable at point (308, 539). Other element would receive the click: &amp;lt;form ng-show=&amp;quot;!success&amp;quot; name=&amp;quot;form&amp;quot; role=&amp;quot;form&amp;quot; novalidate=&amp;quot;&amp;quot; ng-submit=&amp;quot;register()&amp;quot; show-validation=&amp;quot;&amp;quot; class=&amp;quot;ng-invalid ng-valid-pattern ng-valid-maxlength ng-dirty ng-valid-parse ng-invalid-email ng-valid-required ng-valid-minlength&amp;quot;&amp;gt;...&amp;lt;/form&amp;gt;
  (Session info: chrome=54.0.2840.99)
  (Driver info: chromedriver=2.25.426923 (0390b88869384d6eb0d5d09729679f934aab9eed),platform=Windows NT 6.1.7601 SP1 x86) (WARNING: The server did not provide any stacktrace information)
Command duration or timeout: 72 milliseconds
Build info: version: &amp;apos;unknown&amp;apos;, revision: &amp;apos;1969d75&amp;apos;, time: &amp;apos;2016-10-18 09:43:45 -0700&amp;apos;
System info: host: &amp;apos;TAMP&amp;apos;, ip: &amp;apos;192.168.0.11&amp;apos;, os.name: &amp;apos;Windows 7&amp;apos;, os.arch: &amp;apos;x86&amp;apos;, os.version: &amp;apos;6.1&amp;apos;, java.version: &amp;apos;1.8.0_31&amp;apos;
Driver info: org.openqa.selenium.chrome.ChromeDriver
Capabilities [{applicationCacheEnabled=false, rotatable=false, mobileEmulationEnabled=false, networkConnectionEnabled=false, chrome={chromedriverVersion=2.25.426923 (0390b88869384d6eb0d5d09729679f934aab9eed), userDataDir=C:\Users\user\AppData\Local\Temp\scoped_dir4892_25989}, takesHeapSnapshot=true, pageLoadStrategy=normal, databaseEnabled=false, handlesAlerts=true, hasTouchScreen=false, version=54.0.2840.99, platform=XP, browserConnectionEnabled=false, nativeEvents=true, acceptSslCerts=true, locationContextEnabled=true, webStorageEnabled=true, browserName=chrome, takesScreenshot=true, javascriptEnabled=true, cssSelectorsEnabled=true}]
Session ID: cc6458f48285c6283eca9d188a31c990">
      <![CDATA[org.openqa.selenium.WebDriverException: unknown error: Element is not clickable at point (308, 539). Other element would receive the click: <form ng-show="!success" name="form" role="form" novalidate="" ng-submit="register()" show-validation="" class="ng-invalid ng-valid-pattern ng-valid-maxlength ng-dirty ng-valid-parse ng-invalid-email ng-valid-required ng-valid-minlength">...</form>
  (Session info: chrome=54.0.2840.99)
  (Driver info: chromedriver=2.25.426923 (0390b88869384d6eb0d5d09729679f934aab9eed),platform=Windows NT 6.1.7601 SP1 x86) (WARNING: The server did not provide any stacktrace information)
Command duration or timeout: 72 milliseconds
Build info: version: 'unknown', revision: '1969d75', time: '2016-10-18 09:43:45 -0700'
System info: host: 'TAMP', ip: '192.168.0.11', os.name: 'Windows 7', os.arch: 'x86', os.version: '6.1', java.version: '1.8.0_31'
Driver info: org.openqa.selenium.chrome.ChromeDriver
Capabilities [{applicationCacheEnabled=false, rotatable=false, mobileEmulationEnabled=false, networkConnectionEnabled=false, chrome={chromedriverVersion=2.25.426923 (0390b88869384d6eb0d5d09729679f934aab9eed), userDataDir=C:\Users\user\AppData\Local\Temp\scoped_dir4892_25989}, takesHeapSnapshot=true, pageLoadStrategy=normal, databaseEnabled=false, handlesAlerts=true, hasTouchScreen=false, version=54.0.2840.99, platform=XP, browserConnectionEnabled=false, nativeEvents=true, acceptSslCerts=true, locationContextEnabled=true, webStorageEnabled=true, browserName=chrome, takesScreenshot=true, javascriptEnabled=true, cssSelectorsEnabled=true}]
Session ID: cc6458f48285c6283eca9d188a31c990
	at org.openqa.selenium.remote.ErrorHandler.createThrowable(ErrorHandler.java:216)
	at org.openqa.selenium.remote.ErrorHandler.throwIfResponseFailed(ErrorHandler.java:168)
	at org.openqa.selenium.remote.RemoteWebDriver.execute(RemoteWebDriver.java:635)
	at org.openqa.selenium.remote.RemoteWebElement.execute(RemoteWebElement.java:274)
	at org.openqa.selenium.remote.RemoteWebElement.click(RemoteWebElement.java:84)
	at org.openqa.selenium.support.pagefactory.internal.LocatingElementHandler.invoke(LocatingElementHandler.java:51)
	at com.sun.proxy.$Proxy10.click(Unknown Source)
	at packagecom.gurukula.AllPages.RegistrationPage.clickRegister(RegistrationPage.java:52)
	at packagecom.gurukula.AllPages.RegistrationPage.register(RegistrationPage.java:60)
	at packagecom.gurukula.ActualTests.RegistrationTest.testRegisterNewUser(RegistrationTest.java:35)
... Removed 33 stack frames]]>
    </failure>
  </testcase> <!-- testRegisterNewUser -->
  <testcase name="testRegisterNewUser" time="1.261" classname="packagecom.gurukula.ActualTests.RegistrationTest">
    <failure type="org.openqa.selenium.WebDriverException" message="unknown error: Element is not clickable at point (308, 574). Other element would receive the click: &amp;lt;form ng-show=&amp;quot;!success&amp;quot; name=&amp;quot;form&amp;quot; role=&amp;quot;form&amp;quot; novalidate=&amp;quot;&amp;quot; ng-submit=&amp;quot;register()&amp;quot; show-validation=&amp;quot;&amp;quot; class=&amp;quot;ng-invalid ng-valid-pattern ng-valid-maxlength ng-dirty ng-valid-parse ng-valid-email ng-invalid-minlength ng-valid-required&amp;quot;&amp;gt;...&amp;lt;/form&amp;gt;
  (Session info: chrome=54.0.2840.99)
  (Driver info: chromedriver=2.25.426923 (0390b88869384d6eb0d5d09729679f934aab9eed),platform=Windows NT 6.1.7601 SP1 x86) (WARNING: The server did not provide any stacktrace information)
Command duration or timeout: 94 milliseconds
Build info: version: &amp;apos;unknown&amp;apos;, revision: &amp;apos;1969d75&amp;apos;, time: &amp;apos;2016-10-18 09:43:45 -0700&amp;apos;
System info: host: &amp;apos;TAMP&amp;apos;, ip: &amp;apos;192.168.0.11&amp;apos;, os.name: &amp;apos;Windows 7&amp;apos;, os.arch: &amp;apos;x86&amp;apos;, os.version: &amp;apos;6.1&amp;apos;, java.version: &amp;apos;1.8.0_31&amp;apos;
Driver info: org.openqa.selenium.chrome.ChromeDriver
Capabilities [{applicationCacheEnabled=false, rotatable=false, mobileEmulationEnabled=false, networkConnectionEnabled=false, chrome={chromedriverVersion=2.25.426923 (0390b88869384d6eb0d5d09729679f934aab9eed), userDataDir=C:\Users\user\AppData\Local\Temp\scoped_dir4892_25989}, takesHeapSnapshot=true, pageLoadStrategy=normal, databaseEnabled=false, handlesAlerts=true, hasTouchScreen=false, version=54.0.2840.99, platform=XP, browserConnectionEnabled=false, nativeEvents=true, acceptSslCerts=true, locationContextEnabled=true, webStorageEnabled=true, browserName=chrome, takesScreenshot=true, javascriptEnabled=true, cssSelectorsEnabled=true}]
Session ID: cc6458f48285c6283eca9d188a31c990">
      <![CDATA[org.openqa.selenium.WebDriverException: unknown error: Element is not clickable at point (308, 574). Other element would receive the click: <form ng-show="!success" name="form" role="form" novalidate="" ng-submit="register()" show-validation="" class="ng-invalid ng-valid-pattern ng-valid-maxlength ng-dirty ng-valid-parse ng-valid-email ng-invalid-minlength ng-valid-required">...</form>
  (Session info: chrome=54.0.2840.99)
  (Driver info: chromedriver=2.25.426923 (0390b88869384d6eb0d5d09729679f934aab9eed),platform=Windows NT 6.1.7601 SP1 x86) (WARNING: The server did not provide any stacktrace information)
Command duration or timeout: 94 milliseconds
Build info: version: 'unknown', revision: '1969d75', time: '2016-10-18 09:43:45 -0700'
System info: host: 'TAMP', ip: '192.168.0.11', os.name: 'Windows 7', os.arch: 'x86', os.version: '6.1', java.version: '1.8.0_31'
Driver info: org.openqa.selenium.chrome.ChromeDriver
Capabilities [{applicationCacheEnabled=false, rotatable=false, mobileEmulationEnabled=false, networkConnectionEnabled=false, chrome={chromedriverVersion=2.25.426923 (0390b88869384d6eb0d5d09729679f934aab9eed), userDataDir=C:\Users\user\AppData\Local\Temp\scoped_dir4892_25989}, takesHeapSnapshot=true, pageLoadStrategy=normal, databaseEnabled=false, handlesAlerts=true, hasTouchScreen=false, version=54.0.2840.99, platform=XP, browserConnectionEnabled=false, nativeEvents=true, acceptSslCerts=true, locationContextEnabled=true, webStorageEnabled=true, browserName=chrome, takesScreenshot=true, javascriptEnabled=true, cssSelectorsEnabled=true}]
Session ID: cc6458f48285c6283eca9d188a31c990
	at org.openqa.selenium.remote.ErrorHandler.createThrowable(ErrorHandler.java:216)
	at org.openqa.selenium.remote.ErrorHandler.throwIfResponseFailed(ErrorHandler.java:168)
	at org.openqa.selenium.remote.RemoteWebDriver.execute(RemoteWebDriver.java:635)
	at org.openqa.selenium.remote.RemoteWebElement.execute(RemoteWebElement.java:274)
	at org.openqa.selenium.remote.RemoteWebElement.click(RemoteWebElement.java:84)
	at org.openqa.selenium.support.pagefactory.internal.LocatingElementHandler.invoke(LocatingElementHandler.java:51)
	at com.sun.proxy.$Proxy10.click(Unknown Source)
	at packagecom.gurukula.AllPages.RegistrationPage.clickRegister(RegistrationPage.java:52)
	at packagecom.gurukula.AllPages.RegistrationPage.register(RegistrationPage.java:60)
	at packagecom.gurukula.ActualTests.RegistrationTest.testRegisterNewUser(RegistrationTest.java:35)
... Removed 32 stack frames]]>
    </failure>
  </testcase> <!-- testRegisterNewUser -->
  <testcase name="testRegisterNewUser" time="1.594" classname="packagecom.gurukula.ActualTests.RegistrationTest"/>
</testsuite> <!-- Test -->
