<?xml version="1.0" encoding="UTF-8"?>
<!-- Generated by org.testng.reporters.JUnitXMLReporter -->
<testsuite hostname="TAMP" name="Test2" tests="1" failures="1" timestamp="20 Nov 2016 21:07:19 GMT" time="2.337" errors="0">
  <testcase name="testEditAccountSettings" time="2.336" classname="packagecom.gurukula.ActualTests.LoggedInInformationTest">
    <failure type="java.lang.AssertionError" message="expected [false] but found [true]">
      <![CDATA[java.lang.AssertionError: expected [false] but found [true]
	at packagecom.gurukula.ActualTests.LoggedInInformationTest.testEditAccountSettings(LoggedInInformationTest.java:28)
... Removed 29 stack frames]]>
    </failure>
  </testcase> <!-- testEditAccountSettings -->
</testsuite> <!-- Test2 -->
